2025-03-28 00:48:22,432 - INFO - ÕıÔÚ³õÊ¼»¯ÒÂÎï·ÖÀàÆ÷...
2025-03-28 00:48:23,113 - INFO - MobileNetV2Ä£ĞÍ¼ÓÔØ³É¹¦
2025-03-28 00:48:23,115 - INFO - ÒÑÅäÖÃ 45 ¸öÒÂÎï·ÖÀàÓ³Éä
2025-03-28 00:48:23,120 - WARNING -  * Debugger is active!
2025-03-28 00:48:23,124 - INFO -  * Debugger PIN: 362-348-680
2025-03-28 00:48:23,258 - INFO -  * Running on http://127.0.0.1:5000/ (Press CTRL+C to quit)
2025-03-28 00:48:42,522 - INFO -  * Detected change in 'E:\\workspace\\lt_Identify_clothes\\app.py', reloading
2025-03-28 00:48:46,085 - INFO - ÕıÔÚ³õÊ¼»¯ÒÂÎï·ÖÀàÆ÷...
2025-03-28 00:48:46,769 - INFO - MobileNetV2Ä£ĞÍ¼ÓÔØ³É¹¦
2025-03-28 00:48:46,769 - INFO - ÒÑÅäÖÃ 45 ¸öÒÂÎï·ÖÀàÓ³Éä
2025-03-28 00:48:46,776 - WARNING -  * Debugger is active!
2025-03-28 00:48:46,789 - INFO -  * Debugger PIN: 362-348-680
2025-03-28 00:48:46,925 - INFO -  * Running on http://127.0.0.1:5000/ (Press CTRL+C to quit)
2025-03-28 00:49:11,849 - INFO -  * Detected change in 'E:\\workspace\\lt_Identify_clothes\\app.py', reloading
2025-03-28 00:49:15,498 - INFO - ÕıÔÚ³õÊ¼»¯ÒÂÎï·ÖÀàÆ÷...
2025-03-28 00:49:16,123 - INFO - MobileNetV2Ä£ĞÍ¼ÓÔØ³É¹¦
2025-03-28 00:49:16,123 - INFO - ÒÑÅäÖÃ 45 ¸öÒÂÎï·ÖÀàÓ³Éä
2025-03-28 00:49:16,132 - WARNING -  * Debugger is active!
2025-03-28 00:49:16,135 - INFO -  * Debugger PIN: 362-348-680
2025-03-28 00:49:16,268 - INFO -  * Running on http://127.0.0.1:5000/ (Press CTRL+C to quit)
2025-03-28 00:51:42,573 - INFO - ÕıÔÚ³õÊ¼»¯ÒÂÎï·ÖÀàÆ÷...
2025-03-28 00:51:43,184 - INFO - MobileNetV2Ä£ĞÍ¼ÓÔØ³É¹¦
2025-03-28 00:51:43,184 - INFO - ÒÑÅäÖÃ 45 ¸öÒÂÎï·ÖÀàÓ³Éä
2025-03-28 00:51:43,198 - INFO -  * Restarting with stat
2025-03-28 00:51:46,212 - INFO - ÕıÔÚ³õÊ¼»¯ÒÂÎï·ÖÀàÆ÷...
2025-03-28 00:51:46,855 - INFO - MobileNetV2Ä£ĞÍ¼ÓÔØ³É¹¦
2025-03-28 00:51:46,855 - INFO - ÒÑÅäÖÃ 45 ¸öÒÂÎï·ÖÀàÓ³Éä
2025-03-28 00:51:46,865 - WARNING -  * Debugger is active!
2025-03-28 00:51:46,868 - INFO -  * Debugger PIN: 362-348-680
2025-03-28 00:51:46,999 - INFO -  * Running on http://127.0.0.1:5000/ (Press CTRL+C to quit)
2025-03-28 00:54:31,083 - INFO - ÕıÔÚ³õÊ¼»¯ÒÂÎï·ÖÀàÆ÷...
2025-03-28 00:54:31,695 - INFO - MobileNetV2Ä£ĞÍ¼ÓÔØ³É¹¦
2025-03-28 00:54:31,695 - INFO - ÒÑÅäÖÃ 45 ¸öÒÂÎï·ÖÀàÓ³Éä
2025-03-28 00:54:31,705 - INFO -  * Restarting with stat
2025-03-28 00:54:34,763 - INFO - ÕıÔÚ³õÊ¼»¯ÒÂÎï·ÖÀàÆ÷...
2025-03-28 00:54:35,391 - INFO - MobileNetV2Ä£ĞÍ¼ÓÔØ³É¹¦
2025-03-28 00:54:35,391 - INFO - ÒÑÅäÖÃ 45 ¸öÒÂÎï·ÖÀàÓ³Éä
2025-03-28 00:54:35,399 - WARNING -  * Debugger is active!
2025-03-28 00:54:35,402 - INFO -  * Debugger PIN: 362-348-680
2025-03-28 00:54:35,533 - INFO -  * Running on http://127.0.0.1:5000/ (Press CTRL+C to quit)
2025-03-28 00:54:35,593 - INFO - 127.0.0.1 - - [28/Mar/2025 00:54:35] "GET / HTTP/1.1" 200 -
2025-03-28 00:55:24,185 - INFO - ¿ªÊ¼´¦ÀíÉÏ´«µÄÎÄ¼ş: 1XyzEiLOoJ.jpg, ±£´æÎª: static/uploads\f0ffc866-3840-447f-826a-0bc8f4d981b7.jpg
2025-03-28 00:55:24,185 - INFO - ¿ªÊ¼´¦ÀíÍ¼Æ¬: static/uploads\f0ffc866-3840-447f-826a-0bc8f4d981b7.jpg
2025-03-28 00:55:24,253 - INFO - Í¼Æ¬Ô¤´¦Àí³É¹¦
2025-03-28 00:55:24,254 - INFO - ¿ªÊ¼Ä£ĞÍÔ¤²â...
2025-03-28 00:55:25,343 - INFO - Ä£ĞÍÔ¤²â³É¹¦
2025-03-28 00:55:25,343 - INFO - Ô­Ê¼Ô¤²â½á¹û:
2025-03-28 00:55:25,343 - INFO -   Top 1: jean (ID: n03594734) - ÖÃĞÅ¶È: 91.03%
2025-03-28 00:55:25,343 - INFO -   Top 2: cardigan (ID: n02963159) - ÖÃĞÅ¶È: 0.62%
2025-03-28 00:55:25,343 - INFO -   Top 3: bulletproof_vest (ID: n02916936) - ÖÃĞÅ¶È: 0.40%
2025-03-28 00:55:25,343 - INFO -   Top 4: knee_pad (ID: n03623198) - ÖÃĞÅ¶È: 0.24%
2025-03-28 00:55:25,343 - INFO -   Top 5: buckle (ID: n02910353) - ÖÃĞÅ¶È: 0.19%
2025-03-28 00:55:25,343 - INFO - ÕÒµ½Æ¥Åä: ImageNetÀà±ğ 'jean' Æ¥Åäµ½¹Ø¼ü´Ê 'jean', Ó³Éäµ½ÒÂÎïÀàĞÍ '¿ã×Ó'
2025-03-28 00:55:25,343 - INFO - ×îÖÕÊ¶±ğ½á¹û: ¿ã×Ó
2025-03-28 00:55:25,343 - INFO - ±£´æµ½ÒÂ³÷: ¿ã×Ó
2025-03-28 00:55:25,359 - INFO - 127.0.0.1 - - [28/Mar/2025 00:55:25] "POST /upload HTTP/1.1" 200 -
2025-03-28 00:55:26,798 - INFO - 127.0.0.1 - - [28/Mar/2025 00:55:26] "GET /view-log HTTP/1.1" 200 -
2025-03-28 00:56:00,143 - INFO -  * Detected change in 'E:\\workspace\\lt_Identify_clothes\\model.py', reloading
2025-03-28 00:56:00,552 - INFO -  * Restarting with stat
2025-03-28 00:56:03,941 - INFO - æ­£åœ¨åˆå§‹åŒ–è¡£ç‰©åˆ†ç±»å™¨...
2025-03-28 00:56:04,634 - INFO - MobileNetV2æ¨¡å‹åŠ è½½æˆåŠŸ
2025-03-28 00:56:04,634 - INFO - å·²é…ç½® 45 ä¸ªè¡£ç‰©åˆ†ç±»æ˜ å°„
2025-03-28 00:56:04,642 - WARNING -  * Debugger is active!
2025-03-28 00:56:04,648 - INFO -  * Debugger PIN: 362-348-680
2025-03-28 00:56:04,778 - INFO -  * Running on http://127.0.0.1:5000/ (Press CTRL+C to quit)
2025-03-28 00:56:09,422 - INFO -  * Detected change in 'E:\\workspace\\lt_Identify_clothes\\app.py', reloading
2025-03-28 00:56:09,795 - INFO -  * Restarting with stat
2025-03-28 00:56:13,114 - INFO - æ­£åœ¨åˆå§‹åŒ–è¡£ç‰©åˆ†ç±»å™¨...
2025-03-28 00:56:13,782 - INFO - MobileNetV2æ¨¡å‹åŠ è½½æˆåŠŸ
2025-03-28 00:56:13,782 - INFO - å·²é…ç½® 45 ä¸ªè¡£ç‰©åˆ†ç±»æ˜ å°„
2025-03-28 00:56:13,791 - WARNING -  * Debugger is active!
2025-03-28 00:56:13,791 - INFO -  * Debugger PIN: 362-348-680
2025-03-28 00:56:13,924 - INFO -  * Running on http://127.0.0.1:5000/ (Press CTRL+C to quit)
2025-03-28 00:58:33,167 - INFO - æ­£åœ¨åˆå§‹åŒ–è¡£ç‰©åˆ†ç±»å™¨...
2025-03-28 00:58:33,796 - INFO - MobileNetV2æ¨¡å‹åŠ è½½æˆåŠŸ
2025-03-28 00:58:33,796 - INFO - å·²é…ç½® 45 ä¸ªè¡£ç‰©åˆ†ç±»æ˜ å°„
2025-03-28 00:58:33,808 - INFO -  * Restarting with stat
2025-03-28 00:58:36,991 - INFO - æ­£åœ¨åˆå§‹åŒ–è¡£ç‰©åˆ†ç±»å™¨...
2025-03-28 00:58:37,605 - INFO - MobileNetV2æ¨¡å‹åŠ è½½æˆåŠŸ
2025-03-28 00:58:37,605 - INFO - å·²é…ç½® 45 ä¸ªè¡£ç‰©åˆ†ç±»æ˜ å°„
2025-03-28 00:58:37,612 - WARNING -  * Debugger is active!
2025-03-28 00:58:37,612 - INFO -  * Debugger PIN: 362-348-680
2025-03-28 00:58:37,741 - INFO -  * Running on http://127.0.0.1:5000/ (Press CTRL+C to quit)
2025-03-28 00:59:27,211 - INFO - 127.0.0.1 - - [28/Mar/2025 00:59:27] "[35m[1mGET /view-log HTTP/1.1[0m" 500 -
2025-03-28 00:59:32,102 - INFO - å¼€å§‹å¤„ç†ä¸Šä¼ çš„æ–‡ä»¶: rllvfilrtxb.png, ä¿å­˜ä¸º: static/uploads\2353303e-89b6-4900-8ebb-cdf47b021d47.png
2025-03-28 00:59:32,102 - INFO - å¼€å§‹å¤„ç†å›¾ç‰‡: static/uploads\2353303e-89b6-4900-8ebb-cdf47b021d47.png
2025-03-28 00:59:32,161 - INFO - å›¾ç‰‡é¢„å¤„ç†æˆåŠŸ
2025-03-28 00:59:32,161 - INFO - å¼€å§‹æ¨¡å‹é¢„æµ‹...
2025-03-28 00:59:33,265 - INFO - æ¨¡å‹é¢„æµ‹æˆåŠŸ
2025-03-28 00:59:33,265 - INFO - åŸå§‹é¢„æµ‹ç»“æœ:
2025-03-28 00:59:33,265 - INFO -   Top 1: overskirt (ID: n03866082) - ç½®ä¿¡åº¦: 37.34%
2025-03-28 00:59:33,265 - INFO -   Top 2: hoopskirt (ID: n03534580) - ç½®ä¿¡åº¦: 29.38%
2025-03-28 00:59:33,265 - INFO -   Top 3: velvet (ID: n04525038) - ç½®ä¿¡åº¦: 5.77%
2025-03-28 00:59:33,267 - INFO -   Top 4: gown (ID: n03450230) - ç½®ä¿¡åº¦: 5.26%
2025-03-28 00:59:33,267 - INFO -   Top 5: cloak (ID: n03045698) - ç½®ä¿¡åº¦: 3.20%
2025-03-28 00:59:33,267 - INFO - æ‰¾åˆ°åŒ¹é…: ImageNetç±»åˆ« 'overskirt' åŒ¹é…åˆ°å…³é”®è¯ 'skirt', æ˜ å°„åˆ°è¡£ç‰©ç±»å‹ 'è£™å­'
2025-03-28 00:59:33,267 - INFO - æœ€ç»ˆè¯†åˆ«ç»“æœ: è£™å­
2025-03-28 00:59:33,267 - INFO - ä¿å­˜åˆ°è¡£æ©±: è£™å­
2025-03-28 00:59:33,288 - INFO - 127.0.0.1 - - [28/Mar/2025 00:59:33] "POST /upload HTTP/1.1" 200 -
2025-03-28 00:59:34,885 - INFO - 127.0.0.1 - - [28/Mar/2025 00:59:34] "[35m[1mGET /view-log HTTP/1.1[0m" 500 -
2025-03-28 00:59:41,075 - INFO - 127.0.0.1 - - [28/Mar/2025 00:59:41] "[35m[1mGET /view-log HTTP/1.1[0m" 500 -
2025-03-28 01:00:03,386 - INFO -  * Detected change in 'E:\\workspace\\lt_Identify_clothes\\app.py', reloading
2025-03-28 01:00:03,796 - INFO -  * Restarting with stat
2025-03-28 01:00:07,047 - INFO - æ­£åœ¨åˆå§‹åŒ–è¡£ç‰©åˆ†ç±»å™¨...
2025-03-28 01:00:07,709 - INFO - MobileNetV2æ¨¡å‹åŠ è½½æˆåŠŸ
2025-03-28 01:00:07,709 - INFO - å·²é…ç½® 45 ä¸ªè¡£ç‰©åˆ†ç±»æ˜ å°„
2025-03-28 01:00:07,716 - WARNING -  * Debugger is active!
2025-03-28 01:00:07,719 - INFO -  * Debugger PIN: 362-348-680
2025-03-28 01:00:07,854 - INFO -  * Running on http://127.0.0.1:5000/ (Press CTRL+C to quit)
2025-03-28 01:00:12,486 - INFO -  * Detected change in 'E:\\workspace\\lt_Identify_clothes\\app.py', reloading
2025-03-28 01:00:12,870 - INFO -  * Restarting with stat
2025-03-28 01:00:16,197 - INFO - æ­£åœ¨åˆå§‹åŒ–è¡£ç‰©åˆ†ç±»å™¨...
2025-03-28 01:00:16,869 - INFO - MobileNetV2æ¨¡å‹åŠ è½½æˆåŠŸ
2025-03-28 01:00:16,869 - INFO - å·²é…ç½® 45 ä¸ªè¡£ç‰©åˆ†ç±»æ˜ å°„
2025-03-28 01:00:16,877 - WARNING -  * Debugger is active!
2025-03-28 01:00:16,877 - INFO -  * Debugger PIN: 362-348-680
2025-03-28 01:00:17,015 - INFO -  * Running on http://127.0.0.1:5000/ (Press CTRL+C to quit)
2025-03-28 01:02:39,023 - INFO - æ­£åœ¨åˆå§‹åŒ–è¡£ç‰©åˆ†ç±»å™¨...
2025-03-28 01:02:39,660 - INFO - MobileNetV2æ¨¡å‹åŠ è½½æˆåŠŸ
2025-03-28 01:02:39,660 - INFO - å·²é…ç½® 45 ä¸ªè¡£ç‰©åˆ†ç±»æ˜ å°„
2025-03-28 01:02:39,672 - INFO -  * Restarting with stat
2025-03-28 01:02:42,862 - INFO - æ­£åœ¨åˆå§‹åŒ–è¡£ç‰©åˆ†ç±»å™¨...
2025-03-28 01:02:43,490 - INFO - MobileNetV2æ¨¡å‹åŠ è½½æˆåŠŸ
2025-03-28 01:02:43,490 - INFO - å·²é…ç½® 45 ä¸ªè¡£ç‰©åˆ†ç±»æ˜ å°„
2025-03-28 01:02:43,501 - WARNING -  * Debugger is active!
2025-03-28 01:02:43,504 - INFO -  * Debugger PIN: 362-348-680
2025-03-28 01:02:43,638 - INFO -  * Running on http://127.0.0.1:5000/ (Press CTRL+C to quit)
2025-03-28 01:02:44,837 - INFO - 127.0.0.1 - - [28/Mar/2025 01:02:44] "GET /wardrobe HTTP/1.1" 200 -
2025-03-28 01:02:45,996 - INFO - 127.0.0.1 - - [28/Mar/2025 01:02:45] "GET /wardrobe/è£¤å­ HTTP/1.1" 200 -
2025-03-28 01:02:46,057 - INFO - 127.0.0.1 - - [28/Mar/2025 01:02:46] "GET /static/uploads/f0ffc866-3840-447f-826a-0bc8f4d981b7.jpg HTTP/1.1" 200 -
2025-03-28 01:02:47,495 - INFO - 127.0.0.1 - - [28/Mar/2025 01:02:47] "GET / HTTP/1.1" 200 -
2025-03-28 01:02:48,358 - INFO - 127.0.0.1 - - [28/Mar/2025 01:02:48] "GET / HTTP/1.1" 200 -
2025-03-28 01:02:51,586 - INFO - å¼€å§‹å¤„ç†ä¸Šä¼ çš„æ–‡ä»¶: 847337437_max.jpg, ä¿å­˜ä¸º: static/uploads\34178365-713a-4b7e-9f3c-550ca8756050.jpg
2025-03-28 01:02:51,586 - INFO - å¼€å§‹å¤„ç†å›¾ç‰‡: static/uploads\34178365-713a-4b7e-9f3c-550ca8756050.jpg
2025-03-28 01:02:51,643 - INFO - å›¾ç‰‡é¢„å¤„ç†æˆåŠŸ
2025-03-28 01:02:51,643 - INFO - å¼€å§‹æ¨¡å‹é¢„æµ‹...
2025-03-28 01:02:52,726 - INFO - æ¨¡å‹é¢„æµ‹æˆåŠŸ
2025-03-28 01:02:52,726 - INFO - åŸå§‹é¢„æµ‹ç»“æœ:
2025-03-28 01:02:52,726 - INFO -   Top 1: overskirt (ID: n03866082) - ç½®ä¿¡åº¦: 10.67%
2025-03-28 01:02:52,726 - INFO -   Top 2: sarong (ID: n04136333) - ç½®ä¿¡åº¦: 7.20%
2025-03-28 01:02:52,726 - INFO -   Top 3: swimming_trunks (ID: n04371430) - ç½®ä¿¡åº¦: 5.90%
2025-03-28 01:02:52,726 - INFO -   Top 4: suit (ID: n04350905) - ç½®ä¿¡åº¦: 2.24%
2025-03-28 01:02:52,726 - INFO -   Top 5: backpack (ID: n02769748) - ç½®ä¿¡åº¦: 2.20%
2025-03-28 01:02:52,726 - INFO - æ‰¾åˆ°åŒ¹é…: ImageNetç±»åˆ« 'overskirt' åŒ¹é…åˆ°å…³é”®è¯ 'skirt', æ˜ å°„åˆ°è¡£ç‰©ç±»å‹ 'è£™å­'
2025-03-28 01:02:52,726 - INFO - æœ€ç»ˆè¯†åˆ«ç»“æœ: è£™å­
2025-03-28 01:02:52,726 - INFO - ä¿å­˜åˆ°è¡£æ©±: è£™å­
2025-03-28 01:02:52,740 - INFO - 127.0.0.1 - - [28/Mar/2025 01:02:52] "POST /upload HTTP/1.1" 200 -
2025-03-28 01:02:53,858 - INFO - 127.0.0.1 - - [28/Mar/2025 01:02:53] "GET /view-log HTTP/1.1" 200 -
2025-03-28 01:04:09,309 - INFO -  * Detected change in 'E:\\workspace\\lt_Identify_clothes\\model.py', reloading
2025-03-28 01:04:09,755 - INFO -  * Restarting with stat
2025-03-28 01:04:38,043 - INFO -  * Restarting with stat
2025-03-28 01:05:06,288 - INFO -  * Restarting with stat
